<?xml version="1.0" encoding="UTF-8"?>
<!-- Generated by org.testng.reporters.JUnitReportReporter -->
<testsuite hostname="Aparna" failures="0" tests="2" name="testGroup.AmazonLoginTest" time="19.352" errors="0" timestamp="2024-09-29T21:00:36 IST" skipped="0">
  <testcase classname="testGroup.AmazonLoginTest" name="displayResults" time="0.144"/>
  <testcase classname="testGroup.AmazonLoginTest" name="amazonLogin" time="19.208"/>
</testsuite> <!-- testGroup.AmazonLoginTest -->
