<?xml version="1.0" encoding="UTF-8"?>
<!-- Generated by org.testng.reporters.JUnitReportReporter -->
<testsuite hostname="Aparna" failures="0" tests="2" name="testGroup.AmazonLoginTest2" time="12.932" errors="0" timestamp="2024-09-27T19:41:58 IST" skipped="0">
  <testcase classname="testGroup.AmazonLoginTest2" name="displayResults" time="0.050"/>
  <testcase classname="testGroup.AmazonLoginTest2" name="amazonLogin" time="12.882"/>
</testsuite> <!-- testGroup.AmazonLoginTest2 -->
