<?xml version="1.0" encoding="UTF-8"?>
<!-- Generated by org.testng.reporters.JUnitReportReporter -->
<testsuite hostname="Aparna" failures="0" tests="2" name="testGroup.AmazonLoginTest" time="16.773" errors="0" timestamp="2024-10-14T17:52:01 IST" skipped="0">
  <testcase classname="testGroup.AmazonLoginTest" name="displayResults" time="0.272"/>
  <testcase classname="testGroup.AmazonLoginTest" name="amazonLogin" time="16.501"/>
</testsuite> <!-- testGroup.AmazonLoginTest -->
